make all --print-data-base --no-builtin-variables --no-builtin-rules --question
# GNU Make 4.2.1
# Built for x86_64-pc-linux-gnu
# Copyright (C) 1988-2016 Free Software Foundation, Inc.
# License GPLv3+: GNU GPL version 3 or later <http://gnu.org/licenses/gpl.html>
# This is free software: you are free to change and redistribute it.
# There is NO WARRANTY, to the extent permitted by law.
 

# Make data base, printed on Sat Jun 11 17:34:27 2022

# Variables

# 'override' directive
GNUMAKEFLAGS := 
# automatic
<D = $(patsubst %/,%,$(dir $<))
# automatic
?F = $(notdir $?)
# environment
DESKTOP_SESSION = ubuntu
# default
.SHELLFLAGS := -c
# environment
XDG_SESSION_CLASS = user
# environment
XDG_SESSION_TYPE = x11
# environment
VSCODE_LOG_NATIVE = false
# automatic
?D = $(patsubst %/,%,$(dir $?))
# environment
IM_CONFIG_PHASE = 1
# automatic
@D = $(patsubst %/,%,$(dir $@))
# environment
XAUTHORITY = /run/user/1000/gdm/Xauthority
# environment
GDMSESSION = ubuntu
# environment
XMODIFIERS = @im=ibus
# makefile
CURDIR := /home/juan/Documents/Mario_armv8
# makefile
SHELL = /bin/sh
# environment
VSCODE_NLS_CONFIG = {"locale":"en-us","availableLanguages":{},"_languagePackSupport":true}
# environment
_ = /usr/share/code/code
# environment
JOURNAL_STREAM = 8:34511
# environment
XDG_CONFIG_DIRS = /etc/xdg/xdg-ubuntu:/etc/xdg
# makefile (from 'Makefile', line 1)
MAKEFILE_LIST :=  Makefile
# automatic
@F = $(notdir $@)
# environment
GIO_LAUNCHED_DESKTOP_FILE = /usr/share/applications/code.desktop
# environment
USERNAME = juan
# environment
MAKELEVEL := 0
# environment
XDG_DATA_DIRS = /usr/share/ubuntu:/usr/local/share/:/usr/share/:/var/lib/snapd/desktop
# environment
DBUS_SESSION_BUS_ADDRESS = unix:path=/run/user/1000/bus
# environment
VSCODE_VERBOSE_LOGGING = true
# environment
MANAGERPID = 1269
# environment
CLUTTER_IM_MODULE = ibus
# environment
LESSOPEN = | /usr/bin/lesspipe %s
# environment
LC_NAME = es_AR.UTF-8
# environment
VSCODE_CWD = /home/juan
# default
MAKE_HOST := x86_64-pc-linux-gnu
# environment
PATH = /usr/local/sbin:/usr/local/bin:/usr/sbin:/usr/bin:/sbin:/bin:/usr/games:/usr/local/games:/snap/bin
# environment
GPG_AGENT_INFO = /run/user/1000/gnupg/S.gpg-agent:0:1
# environment
GJS_DEBUG_OUTPUT = stderr
# environment
SESSION_MANAGER = local/juan-Virtual-Machine:@/tmp/.ICE-unix/1583,unix/juan-Virtual-Machine:/tmp/.ICE-unix/1583
# environment
XDG_RUNTIME_DIR = /run/user/1000
# environment
XDG_MENU_PREFIX = gnome-
# environment
VSCODE_LOG_STACK = false
# environment
ELECTRON_RUN_AS_NODE = 1
# environment
INVOCATION_ID = 551effcec2e24d03b4723f2a170ebf7a
# default
.FEATURES := target-specific order-only second-expansion else-if shortest-stem undefine oneshell archives jobserver output-sync check-symlink load
# environment
LS_COLORS = 
# environment
XDG_SESSION_DESKTOP = ubuntu
# environment
SSH_AUTH_SOCK = /run/user/1000/keyring/ssh
# environment
GIO_LAUNCHED_DESKTOP_FILE_PID = 2215
# automatic
%F = $(notdir $%)
# environment
DISPLAY = :1
# makefile (from 'Makefile', line 1)
ARMGNU = aarch64-linux-gnu
# environment
GTK_IM_MODULE = ibus
# environment
VSCODE_PIPE_LOGGING = true
# environment
PWD = /home/juan/Documents/Mario_armv8
# default
.LOADED := 
# environment
SSH_AGENT_PID = 1452
# environment
ORIGINAL_XDG_CURRENT_DESKTOP = ubuntu:GNOME
# environment
GTK_MODULES = gail:atk-bridge
# environment
VSCODE_AMD_ENTRYPOINT = vs/workbench/api/node/extensionHostProcess
# environment
HOME = /home/juan
# makefile (from 'Makefile', line 5)
ASM_OBJS = $(ASM_SRCS:.s=.o)
# environment
LESSCLOSE = /usr/bin/lesspipe %s %s
# environment
VSCODE_CODE_CACHE_PATH = /home/juan/.config/Code/CachedData/c3511e6c69bb39013c4a4b7b9566ec1ca73fc4d5
# environment
LOGNAME = juan
# environment
APPLICATION_INSIGHTS_NO_DIAGNOSTIC_CHANNEL = 1
# automatic
+F = $(notdir $+)
# environment
VSCODE_HANDLES_UNCAUGHT_ERRORS = true
# environment
GNOME_DESKTOP_SESSION_ID = this-is-deprecated
# automatic
^D = $(patsubst %/,%,$(dir $^))
# environment
LC_TIME = es_AR.UTF-8
# default
MAKE = $(MAKE_COMMAND)
# default
MAKECMDGOALS := all
# environment
QT_IM_MODULE = ibus
# environment
SHLVL = 0
# environment
GNOME_SHELL_SESSION_MODE = ubuntu
# environment
VSCODE_IPC_HOOK_EXTHOST = /run/user/1000/vscode-ipc-c7f1169b-27a3-4162-8ca2-ad9d6ef8121b.sock
# default
MAKE_VERSION := 4.2.1
# environment
USER = juan
# environment
LC_MONETARY = es_AR.UTF-8
# makefile
.DEFAULT_GOAL := all
# environment
XDG_CURRENT_DESKTOP = Unity
# automatic
%D = $(patsubst %/,%,$(dir $%))
# environment
LC_TELEPHONE = es_AR.UTF-8
# default
MAKE_COMMAND := make
# default
.VARIABLES := 
# automatic
*F = $(notdir $*)
# environment
VSCODE_IPC_HOOK = /run/user/1000/vscode-2bc0a500-1.67.2-main.sock
# makefile
MAKEFLAGS = pqrR
# environment
MFLAGS = -pqrR
# automatic
*D = $(patsubst %/,%,$(dir $*))
# automatic
+D = $(patsubst %/,%,$(dir $+))
# environment
GDK_BACKEND = x11
# environment
LC_PAPER = es_AR.UTF-8
# environment
QT_ACCESSIBILITY = 1
# makefile (from 'Makefile', line 3)
AOPS = -g --warn --fatal-warnings
# default
MAKEFILES := 
# environment
LC_NUMERIC = es_AR.UTF-8
# automatic
<F = $(notdir $<)
# makefile (from 'Makefile', line 4)
ASM_SRCS = $(wildcard *.s)
# environment
LC_MEASUREMENT = es_AR.UTF-8
# environment
LC_ALL = C
# environment
QT4_IM_MODULE = ibus
# environment
GJS_DEBUG_TOPICS = JS ERROR;JS LOG
# automatic
^F = $(notdir $^)
# default
SUFFIXES := 
# environment
CHROME_DESKTOP = code-url-handler.desktop
# environment
WINDOWPATH = 2
# default
.INCLUDE_DIRS = /usr/include /usr/local/include /usr/include
# environment
LC_IDENTIFICATION = es_AR.UTF-8
# default
.RECIPEPREFIX := 
# environment
LC_ADDRESS = es_AR.UTF-8
# environment
LANG = C
# environment
VSCODE_PID = 2215
# variable set hash-table stats:
# Load=113/1024=11%, Rehash=0, Collisions=18/141=13%

# Pattern-specific Variable Values

# No pattern-specific variable values.

# Directories

# . (device 2049, inode 1094367): 17 files, no impossibilities.

# 17 files, no impossibilities in 1 directories.

# Implicit Rules

%.o: %.s
#  recipe to execute (from 'Makefile', line 10):
	$(ARMGNU)-as $(AOPS) $< -o $@

# 1 implicit rules, 0 (0.0%) terminal.

# Files

all: kernel8.img
#  Command line target.
#  Implicit rule search has been done.
#  File does not exist.
#  File has been updated.
#  Successfully updated.

# Not a target:
Makefile:
#  Implicit rule search has been done.
#  Last modified 2022-06-11 10:30:03.511534651
#  File has been updated.
#  Successfully updated.

start.o: start.s
#  Implicit rule search has been done.
#  Implicit/static pattern stem: 'start'
#  Last modified 2022-06-11 10:31:10.019369817
#  File has been updated.
#  Successfully updated.
#  recipe to execute (from 'Makefile', line 10):
	$(ARMGNU)-as $(AOPS) $< -o $@

app.o: app.s
#  Implicit rule search has been done.
#  Implicit/static pattern stem: 'app'
#  Last modified 2022-06-11 16:34:34.975344636
#  File has been updated.
#  Successfully updated.
#  recipe to execute (from 'Makefile', line 10):
	$(ARMGNU)-as $(AOPS) $< -o $@

# Not a target:
.DEFAULT:
#  Implicit rule search has not been done.
#  Modification time never checked.
#  File has not been updated.
 

# Not a target:
start.s:
#  Implicit rule search has been done.
#  Last modified 2021-05-28 12:25:00
#  File has been updated.
#  Successfully updated.

run: all
#  Implicit rule search has not been done.
#  Modification time never checked.
#  File has not been updated.
#  recipe to execute (from 'Makefile', line 21):
	qemu-system-aarch64 -M raspi3 -kernel kernel8.img -serial stdio

# Not a target:
app.s:
#  Implicit rule search has been done.
#  Last modified 2022-06-11 16:34:28.655347448
#  File has been updated.
#  Successfully updated.

clean:
#  Implicit rule search has not been done.
#  Modification time never checked.
#  File has not been updated.
#  recipe to execute (from 'Makefile', line 13):
	rm -f *.o memory_map.txt kernel8.list kernel8.img kernel8.elf

runGDB:
#  Implicit rule search has not been done.
#  Modification time never checked.
#  File has not been updated.
#  recipe to execute (from 'Makefile', line 27):
	gdb-multiarch -ex "set architecture aarch64" -ex "target remote localhost:1234" --ex "dashboard registers -style list 'x0 x1 x2 x3 x4 x5 x6 x7 x8 x9 x10 x11 x12 x13 x14 x15 x16 x17 x18 x19 x20 x21 x22 x23 x24 x25 x26 x27 x28 x29 x30 sp pc cpsr'"

runQEMU: kernel8.img
#  Implicit rule search has not been done.
#  Modification time never checked.
#  File has not been updated.
#  recipe to execute (from 'Makefile', line 24):
	qemu-system-aarch64 -s -S -M raspi3 -kernel kernel8.img

# Not a target:
memmap:
#  Implicit rule search has been done.
#  Last modified 2021-05-21 09:48:31
#  File has been updated.
#  Successfully updated.

kernel8.img: memmap start.o app.o
#  Implicit rule search has not been done.
#  Last modified 2022-06-11 16:34:35.003344623
#  File has been updated.
#  Successfully updated.
#  recipe to execute (from 'Makefile', line 16):
	$(ARMGNU)-ld $(ASM_OBJS) -T memmap -o kernel8.elf -M > memory_map.txt
	$(ARMGNU)-objdump -D kernel8.elf > kernel8.list
	$(ARMGNU)-objcopy kernel8.elf -O binary kernel8.img

# files hash-table stats:
# Load=14/1024=1%, Rehash=0, Collisions=0/38=0%
# VPATH Search Paths

# No 'vpath' search paths.

# No general ('VPATH' variable) search path.

# strcache buffers: 1 (0) / strings = 30 / storage = 242 B / avg = 8 B
# current buf: size = 8162 B / used = 242 B / count = 30 / avg = 8 B

# strcache performance: lookups = 52 / hit rate = 42%
# hash-table stats:
# Load=30/8192=0%, Rehash=0, Collisions=1/52=2%
# Finished Make data base on Sat Jun 11 17:34:27 2022

 
